[    0.000000] Linux version 4.15.0-158-generic (buildd@lgw01-amd64-051) (gcc version 7.5.0 (Ubuntu 7.5.0-3ubuntu1~18.04)) #166-Ubuntu SMP Fri Sep 17 19:37:52 UTC 2021 (Ubuntu 4.15.0-158.166-generic 4.15.18)
[    0.000000] Command line: BOOT_IMAGE=/boot/vmlinuz-4.15.0-158-generic root=LABEL=cloudimg-rootfs ro console=tty1 console=ttyS0
[    0.000000] KERNEL supported cpus:
[    0.000000]   Intel GenuineIntel
[    0.000000]   AMD AuthenticAMD
[    0.000000]   Centaur CentaurHauls
[    0.000000] x86/fpu: Supporting XSAVE feature 0x001: 'x87 floating point registers'
[    0.000000] x86/fpu: Supporting XSAVE feature 0x002: 'SSE registers'
[    0.000000] x86/fpu: Supporting XSAVE feature 0x004: 'AVX registers'
[    0.000000] x86/fpu: xstate_offset[2]:  576, xstate_sizes[2]:  256
[    0.000000] x86/fpu: Enabled xstate features 0x7, context size is 832 bytes, using 'standard' format.
[    0.000000] e820: BIOS-provided physical RAM map:
[    0.000000] BIOS-e820: [mem 0x0000000000000000-0x000000000009fbff] usable
[    0.000000] BIOS-e820: [mem 0x000000000009fc00-0x000000000009ffff] reserved
[    0.000000] BIOS-e820: [mem 0x00000000000f0000-0x00000000000fffff] reserved
[    0.000000] BIOS-e820: [mem 0x0000000000100000-0x000000007ffeffff] usable
[    0.000000] BIOS-e820: [mem 0x000000007fff0000-0x000000007fffffff] ACPI data
[    0.000000] BIOS-e820: [mem 0x00000000fec00000-0x00000000fec00fff] reserved
[    0.000000] BIOS-e820: [mem 0x00000000fee00000-0x00000000fee00fff] reserved
[    0.000000] BIOS-e820: [mem 0x00000000fffc0000-0x00000000ffffffff] reserved
[    0.000000] NX (Execute Disable) protection: active
[    0.000000] SMBIOS 2.5 present.
[    0.000000] DMI: innotek GmbH VirtualBox/VirtualBox, BIOS VirtualBox 12/01/2006
[    0.000000] Hypervisor detected: KVM
[    0.000000] e820: last_pfn = 0x7fff0 max_arch_pfn = 0x400000000
[    0.000000] MTRR: Disabled
[    0.000000] x86/PAT: MTRRs disabled, skipping PAT initialization too.
[    0.000000] CPU MTRRs all blank - virtualized system.
[    0.000000] x86/PAT: Configuration [0-7]: WB  WT  UC- UC  WB  WT  UC- UC  
[    0.000000] found SMP MP-table at [mem 0x0009fff0-0x0009ffff]
[    0.000000] Scanning 1 areas for low memory corruption
[    0.000000] RAMDISK: [mem 0x359cb000-0x36cdcfff]
[    0.000000] ACPI: Early table checksum verification disabled
[    0.000000] ACPI: RSDP 0x00000000000E0000 000024 (v02 VBOX  )
[    0.000000] ACPI: XSDT 0x000000007FFF0030 00003C (v01 VBOX   VBOXXSDT 00000001 ASL  00000061)
[    0.000000] ACPI: FACP 0x000000007FFF00F0 0000F4 (v04 VBOX   VBOXFACP 00000001 ASL  00000061)
[    0.000000] ACPI: DSDT 0x000000007FFF0470 002325 (v02 VBOX   VBOXBIOS 00000002 INTL 20120111)
[    0.000000] ACPI: FACS 0x000000007FFF0200 000040
[    0.000000] ACPI: FACS 0x000000007FFF0200 000040
[    0.000000] ACPI: APIC 0x000000007FFF0240 00005C (v02 VBOX   VBOXAPIC 00000001 ASL  00000061)
[    0.000000] ACPI: SSDT 0x000000007FFF02A0 0001CC (v01 VBOX   VBOXCPUT 00000002 INTL 20120111)
[    0.000000] ACPI: Reserving FACP table memory at [mem 0x7fff00f0-0x7fff01e3]
[    0.000000] ACPI: Reserving DSDT table memory at [mem 0x7fff0470-0x7fff2794]
[    0.000000] ACPI: Reserving FACS table memory at [mem 0x7fff0200-0x7fff023f]
[    0.000000] ACPI: Reserving FACS table memory at [mem 0x7fff0200-0x7fff023f]
[    0.000000] ACPI: Reserving APIC table memory at [mem 0x7fff0240-0x7fff029b]
[    0.000000] ACPI: Reserving SSDT table memory at [mem 0x7fff02a0-0x7fff046b]
[    0.000000] No NUMA configuration found
[    0.000000] Faking a node at [mem 0x0000000000000000-0x000000007ffeffff]
[    0.000000] NODE_DATA(0) allocated [mem 0x7ffc5000-0x7ffeffff]
[    0.000000] kvm-clock: cpu 0, msr 0:7ff44001, primary cpu clock
[    0.000000] kvm-clock: Using msrs 4b564d01 and 4b564d00
[    0.000000] kvm-clock: using sched offset of 4787075970 cycles
[    0.000000] clocksource: kvm-clock: mask: 0xffffffffffffffff max_cycles: 0x1cd42e4dffb, max_idle_ns: 881590591483 ns
[    0.000000] Zone ranges:
[    0.000000]   DMA      [mem 0x0000000000001000-0x0000000000ffffff]
[    0.000000]   DMA32    [mem 0x0000000001000000-0x000000007ffeffff]
[    0.000000]   Normal   empty
[    0.000000]   Device   empty
[    0.000000] Movable zone start for each node
[    0.000000] Early memory node ranges
[    0.000000]   node   0: [mem 0x0000000000001000-0x000000000009efff]
[    0.000000]   node   0: [mem 0x0000000000100000-0x000000007ffeffff]
[    0.000000] Reserved but unavailable: 104 pages
[    0.000000] Initmem setup node 0 [mem 0x0000000000001000-0x000000007ffeffff]
[    0.000000] ACPI: PM-Timer IO Port: 0x4008
[    0.000000] IOAPIC[0]: apic_id 2, version 32, address 0xfec00000, GSI 0-23
[    0.000000] ACPI: INT_SRC_OVR (bus 0 bus_irq 0 global_irq 2 dfl dfl)
[    0.000000] ACPI: INT_SRC_OVR (bus 0 bus_irq 9 global_irq 9 low level)
[    0.000000] Using ACPI (MADT) for SMP configuration information
[    0.000000] smpboot: Allowing 2 CPUs, 0 hotplug CPUs
[    0.000000] PM: Registered nosave memory: [mem 0x00000000-0x00000fff]
[    0.000000] PM: Registered nosave memory: [mem 0x0009f000-0x0009ffff]
[    0.000000] PM: Registered nosave memory: [mem 0x000a0000-0x000effff]
[    0.000000] PM: Registered nosave memory: [mem 0x000f0000-0x000fffff]
[    0.000000] e820: [mem 0x80000000-0xfebfffff] available for PCI devices
[    0.000000] Booting paravirtualized kernel on KVM
[    0.000000] clocksource: refined-jiffies: mask: 0xffffffff max_cycles: 0xffffffff, max_idle_ns: 7645519600211568 ns
[    0.000000] random: get_random_bytes called from start_kernel+0x99/0x500 with crng_init=0
[    0.000000] setup_percpu: NR_CPUS:8192 nr_cpumask_bits:2 nr_cpu_ids:2 nr_node_ids:1
[    0.000000] percpu: Embedded 45 pages/cpu s147456 r8192 d28672 u1048576
[    0.000000] PV qspinlock hash table entries: 256 (order: 0, 4096 bytes)
[    0.000000] Built 1 zonelists, mobility grouping on.  Total pages: 515961
[    0.000000] Policy zone: DMA32
[    0.000000] Kernel command line: BOOT_IMAGE=/boot/vmlinuz-4.15.0-158-generic root=LABEL=cloudimg-rootfs ro console=tty1 console=ttyS0
[    0.000000] Memory: 2014900K/2096696K available (12300K kernel code, 2483K rwdata, 4320K rodata, 2448K init, 2724K bss, 81796K reserved, 0K cma-reserved)
[    0.000000] SLUB: HWalign=64, Order=0-3, MinObjects=0, CPUs=2, Nodes=1
[    0.000000] Kernel/User page tables isolation: enabled
[    0.000000] ftrace: allocating 39466 entries in 155 pages
[    0.004000] Hierarchical RCU implementation.
[    0.004000] 	RCU restricting CPUs from NR_CPUS=8192 to nr_cpu_ids=2.
[    0.004000] 	Tasks RCU enabled.
[    0.004000] RCU: Adjusting geometry for rcu_fanout_leaf=16, nr_cpu_ids=2
[    0.004000] NR_IRQS: 524544, nr_irqs: 440, preallocated irqs: 16
[    0.004000] Console: colour VGA+ 80x25
[    0.004000] console [tty1] enabled
[    0.004000] console [ttyS0] enabled
[    0.004000] ACPI: Core revision 20170831
[    0.004000] ACPI: 2 ACPI AML tables successfully acquired and loaded
[    0.004000] APIC: Switch to symmetric I/O mode setup
[    0.004000] x2apic enabled
[    0.004000] Switched APIC routing to physical x2apic.
[    0.004000] ..TIMER: vector=0x30 apic1=0 pin1=2 apic2=-1 pin2=-1
[    0.004005] tsc: Detected 1799.999 MHz processor
[    0.008012] Calibrating delay loop (skipped) preset value.. 3599.99 BogoMIPS (lpj=7199996)
[    0.010070] pid_max: default: 32768 minimum: 301
[    0.011273] Security Framework initialized
[    0.012008] Yama: becoming mindful.
[    0.013646] AppArmor: AppArmor initialized
[    0.017557] Dentry cache hash table entries: 262144 (order: 9, 2097152 bytes)
[    0.021405] Inode-cache hash table entries: 131072 (order: 8, 1048576 bytes)
[    0.024025] Mount-cache hash table entries: 4096 (order: 3, 32768 bytes)
[    0.026246] Mountpoint-cache hash table entries: 4096 (order: 3, 32768 bytes)
[    0.028308] Last level iTLB entries: 4KB 64, 2MB 8, 4MB 8
[    0.029680] Last level dTLB entries: 4KB 64, 2MB 0, 4MB 0, 1GB 4
[    0.031173] Spectre V1 : Mitigation: usercopy/swapgs barriers and __user pointer sanitization
[    0.032003] Spectre V2 : Mitigation: Full generic retpoline
[    0.033423] Spectre V2 : Spectre v2 / SpectreRSB mitigation: Filling RSB on context switch
[    0.036004] Speculative Store Bypass: Vulnerable
[    0.037437] SRBDS: Unknown: Dependent on hypervisor status
[    0.040002] MDS: Mitigation: Clear CPU buffers
[    0.041312] Freeing SMP alternatives memory: 36K
[    0.154061] smpboot: CPU0: Intel(R) Core(TM) i5-5350U CPU @ 1.80GHz (family: 0x6, model: 0x3d, stepping: 0x4)
[    0.156000] Performance Events: unsupported p6 CPU model 61 no PMU driver, software events only.
[    0.156043] Hierarchical SRCU implementation.
[    0.157929] NMI watchdog: Perf event create on CPU 0 failed with -2
[    0.160004] NMI watchdog: Perf NMI watchdog permanently disabled
[    0.161867] smp: Bringing up secondary CPUs ...
[    0.164095] x86: Booting SMP configuration:
[    0.165173] .... node  #0, CPUs:      #1
[    0.004000] kvm-clock: cpu 1, msr 0:7ff44041, secondary cpu clock
[    0.171249] smp: Brought up 1 node, 2 CPUs
[    0.172007] smpboot: Max logical packages: 1
[    0.173961] smpboot: Total of 2 processors activated (7199.99 BogoMIPS)
[    0.176190] devtmpfs: initialized
[    0.180174] x86/mm: Memory block size: 128MB
[    0.181780] evm: security.selinux
[    0.182797] evm: security.SMACK64
[    0.184004] evm: security.SMACK64EXEC
[    0.185064] evm: security.SMACK64TRANSMUTE
[    0.186175] evm: security.SMACK64MMAP
[    0.187129] evm: security.apparmor
[    0.188003] evm: security.ima
[    0.188801] evm: security.capability
[    0.189786] clocksource: jiffies: mask: 0xffffffff max_cycles: 0xffffffff, max_idle_ns: 7645041785100000 ns
[    0.192019] futex hash table entries: 512 (order: 3, 32768 bytes)
[    0.193895] pinctrl core: initialized pinctrl subsystem
[    0.196117] RTC time: 21:43:51, date: 09/24/21
[    0.197804] NET: Registered protocol family 16
[    0.199062] audit: initializing netlink subsys (disabled)
[    0.200045] audit: type=2000 audit(1632519836.964:1): state=initialized audit_enabled=0 res=1
[    0.204016] cpuidle: using governor ladder
[    0.205360] cpuidle: using governor menu
[    0.206832] ACPI: bus type PCI registered
[    0.208005] acpiphp: ACPI Hot Plug PCI Controller Driver version: 0.5
[    0.210907] PCI: Using configuration type 1 for base access
[    0.216078] HugeTLB registered 2.00 MiB page size, pre-allocated 0 pages
[    0.218001] ACPI: Added _OSI(Module Device)
[    0.220006] ACPI: Added _OSI(Processor Device)
[    0.221147] ACPI: Added _OSI(3.0 _SCP Extensions)
[    0.222344] ACPI: Added _OSI(Processor Aggregator Device)
[    0.224017] ACPI: Added _OSI(Linux-Dell-Video)
[    0.226511] ACPI: Added _OSI(Linux-Lenovo-NV-HDMI-Audio)
[    0.228009] ACPI: Added _OSI(Linux-HPI-Hybrid-Graphics)
[    0.230676] ACPI: Executed 1 blocks of module-level executable AML code
[    0.237718] ACPI: Interpreter enabled
[    0.238832] ACPI: (supports S0 S5)
[    0.239794] ACPI: Using IOAPIC for interrupt routing
[    0.240250] PCI: Using host bridge windows from ACPI; if necessary, use "pci=nocrs" and report a bug
[    0.244346] ACPI: Enabled 2 GPEs in block 00 to 07
[    0.254214] ACPI: PCI Root Bridge [PCI0] (domain 0000 [bus 00-ff])
[    0.256010] acpi PNP0A03:00: _OSC: OS supports [ASPM ClockPM Segments MSI]
[    0.258542] acpi PNP0A03:00: _OSC: not requesting OS control; OS requires [ExtendedConfig ASPM ClockPM MSI]
[    0.260021] acpi PNP0A03:00: fail to add MMCONFIG information, can't access extended PCI configuration space under this bridge.
[    0.264579] PCI host bridge to bus 0000:00
[    0.265855] pci_bus 0000:00: root bus resource [io  0x0000-0x0cf7 window]
[    0.268008] pci_bus 0000:00: root bus resource [io  0x0d00-0xffff window]
[    0.270130] pci_bus 0000:00: root bus resource [mem 0x000a0000-0x000bffff window]
[    0.272011] pci_bus 0000:00: root bus resource [mem 0x80000000-0xfdffffff window]
[    0.276016] pci_bus 0000:00: root bus resource [bus 00-ff]
[    0.283243] pci 0000:00:01.1: legacy IDE quirk: reg 0x10: [io  0x01f0-0x01f7]
[    0.284005] pci 0000:00:01.1: legacy IDE quirk: reg 0x14: [io  0x03f6]
[    0.285858] pci 0000:00:01.1: legacy IDE quirk: reg 0x18: [io  0x0170-0x0177]
[    0.288003] pci 0000:00:01.1: legacy IDE quirk: reg 0x1c: [io  0x0376]
[    0.329253] pci 0000:00:07.0: quirk: [io  0x4000-0x403f] claimed by PIIX4 ACPI
[    0.331651] pci 0000:00:07.0: quirk: [io  0x4100-0x410f] claimed by PIIX4 SMB
[    0.357990] ACPI: PCI Interrupt Link [LNKA] (IRQs 5 9 10 *11)
[    0.360116] ACPI: PCI Interrupt Link [LNKB] (IRQs 5 9 *10 11)
[    0.362289] ACPI: PCI Interrupt Link [LNKC] (IRQs 5 *9 10 11)
[    0.364137] ACPI: PCI Interrupt Link [LNKD] (IRQs 5 9 10 *11)
[    0.366419] SCSI subsystem initialized
[    0.367473] pci 0000:00:02.0: vgaarb: setting as boot VGA device
[    0.367473] pci 0000:00:02.0: vgaarb: VGA device added: decodes=io+mem,owns=io+mem,locks=none
[    0.368005] pci 0000:00:02.0: vgaarb: bridge control possible
[    0.372003] vgaarb: loaded
[    0.372871] ACPI: bus type USB registered
[    0.376049] usbcore: registered new interface driver usbfs
[    0.378013] usbcore: registered new interface driver hub
[    0.380000] usbcore: registered new device driver usb
[    0.380254] EDAC MC: Ver: 3.0.0
[    0.381663] PCI: Using ACPI for IRQ routing
[    0.384467] NetLabel: Initializing
[    0.385594] NetLabel:  domain hash size = 128
[    0.388004] NetLabel:  protocols = UNLABELED CIPSOv4 CALIPSO
[    0.390354] NetLabel:  unlabeled traffic allowed by default
[    0.392119] clocksource: Switched to clocksource kvm-clock
[    0.408117] VFS: Disk quotas dquot_6.6.0
[    0.409846] VFS: Dquot-cache hash table entries: 512 (order 0, 4096 bytes)
[    0.412081] AppArmor: AppArmor Filesystem Enabled
[    0.413835] pnp: PnP ACPI init
[    0.416369] pnp: PnP ACPI: found 3 devices
[    0.427355] clocksource: acpi_pm: mask: 0xffffff max_cycles: 0xffffff, max_idle_ns: 2085701024 ns
[    0.430122] NET: Registered protocol family 2
[    0.431482] IP idents hash table entries: 32768 (order: 6, 262144 bytes)
[    0.433634] TCP established hash table entries: 16384 (order: 5, 131072 bytes)
[    0.435783] TCP bind hash table entries: 16384 (order: 6, 262144 bytes)
[    0.439258] TCP: Hash tables configured (established 16384 bind 16384)
[    0.441544] UDP hash table entries: 1024 (order: 3, 32768 bytes)
[    0.444113] UDP-Lite hash table entries: 1024 (order: 3, 32768 bytes)
[    0.446130] NET: Registered protocol family 1
[    0.447439] pci 0000:00:00.0: Limiting direct PCI/PCI transfers
[    0.449344] pci 0000:00:01.0: Activating ISA DMA hang workarounds
[    0.451316] pci 0000:00:02.0: Video device with shadowed ROM at [mem 0x000c0000-0x000dffff]
[    0.454539] Unpacking initramfs...
[    0.791079] Freeing initrd memory: 19528K
[    0.792606] clocksource: tsc: mask: 0xffffffffffffffff max_cycles: 0x19f228ab7a2, max_idle_ns: 440795289252 ns
[    0.795497] platform rtc_cmos: registered platform RTC device (no PNP device found)
[    0.797600] Scanning for low memory corruption every 60 seconds
[    0.799958] Initialise system trusted keyrings
[    0.801641] Key type blacklist registered
[    0.802912] workingset: timestamp_bits=36 max_order=19 bucket_order=0
[    0.807476] zbud: loaded
[    0.809400] squashfs: version 4.0 (2009/01/31) Phillip Lougher
[    0.812107] fuse init (API version 7.26)
[    0.816381] Key type asymmetric registered
[    0.817578] Asymmetric key parser 'x509' registered
[    0.818857] Block layer SCSI generic (bsg) driver version 0.4 loaded (major 246)
[    0.820952] io scheduler noop registered
[    0.822166] io scheduler deadline registered
[    0.823867] io scheduler cfq registered (default)
[    0.826130] ACPI: AC Adapter [AC] (on-line)
[    0.827499] input: Power Button as /devices/LNXSYSTM:00/LNXPWRBN:00/input/input0
[    0.830014] ACPI: Power Button [PWRF]
[    0.831335] input: Sleep Button as /devices/LNXSYSTM:00/LNXSLPBN:00/input/input1
[    0.833704] ACPI: Sleep Button [SLPF]
[    0.836258] Serial: 8250/16550 driver, 32 ports, IRQ sharing enabled
[    0.837402] ACPI: Battery Slot [BAT0] (battery present)
[    0.860987] 00:02: ttyS0 at I/O 0x3f8 (irq = 4, base_baud = 115200) is a 16550A
[    0.864698] Linux agpgart interface v0.103
[    0.867291] loop: module loaded
[    0.869327] scsi host0: ata_piix
[    0.870618] scsi host1: ata_piix
[    0.871792] ata1: PATA max UDMA/33 cmd 0x1f0 ctl 0x3f6 bmdma 0xd000 irq 14
[    0.873613] ata2: PATA max UDMA/33 cmd 0x170 ctl 0x376 bmdma 0xd008 irq 15
[    0.876704] libphy: Fixed MDIO Bus: probed
[    0.878183] tun: Universal TUN/TAP device driver, 1.6
[    0.879782] PPP generic driver version 2.4.2
[    0.881243] ehci_hcd: USB 2.0 'Enhanced' Host Controller (EHCI) Driver
[    0.883065] ehci-pci: EHCI PCI platform driver
[    0.884452] ehci-platform: EHCI generic platform driver
[    0.886029] ohci_hcd: USB 1.1 'Open' Host Controller (OHCI) Driver
[    0.888188] ohci-pci: OHCI PCI platform driver
[    0.889893] ohci-platform: OHCI generic platform driver
[    0.891470] uhci_hcd: USB Universal Host Controller Interface driver
[    0.893484] i8042: PNP: PS/2 Controller [PNP0303:PS2K,PNP0f03:PS2M] at 0x60,0x64 irq 1,12
[    0.896107] serio: i8042 KBD port at 0x60,0x64 irq 1
[    0.897688] serio: i8042 AUX port at 0x60,0x64 irq 12
[    0.899435] mousedev: PS/2 mouse device common for all mice
[    0.901473] input: AT Translated Set 2 keyboard as /devices/platform/i8042/serio0/input/input2
[    0.904307] rtc_cmos rtc_cmos: rtc core: registered rtc_cmos as rtc0
[    0.905969] rtc_cmos rtc_cmos: alarms up to one day, 114 bytes nvram
[    0.907913] i2c /dev entries driver
[    0.909611] device-mapper: uevent: version 1.0.3
[    0.911812] device-mapper: ioctl: 4.37.0-ioctl (2017-09-20) initialised: dm-devel@redhat.com
[    0.914337] ledtrig-cpu: registered to indicate activity on CPUs
[    0.916656] NET: Registered protocol family 10
[    0.922936] Segment Routing with IPv6
[    0.924788] NET: Registered protocol family 17
[    0.926753] Key type dns_resolver registered
[    0.928844] mce: Using 0 MCE banks
[    0.930396] RAS: Correctable Errors collector initialized.
[    0.932637] sched_clock: Marking stable (932603230, 0)->(1267869117, -335265887)
[    0.935754] registered taskstats version 1
[    0.937050] Loading compiled-in X.509 certificates
[    0.941562] Loaded X.509 cert 'Build time autogenerated kernel key: 9c39388069eaf19f5b3d1506669eb0150e975bc3'
[    0.945982] Loaded X.509 cert 'Canonical Ltd. Live Patch Signing: 14df34d1a87cf37625abec039ef2bf521249b969'
[    0.949781] Loaded X.509 cert 'Canonical Ltd. Kernel Module Signing: 88f752e560a1e0737e31163a466ad7b70a850c19'
[    0.953080] zswap: loaded using pool lzo/zbud
[    0.959642] Key type big_key registered
[    0.961120] Key type trusted registered
[    0.965041] Key type encrypted registered
[    0.968608] AppArmor: AppArmor sha1 policy hashing enabled
[    0.970897] ima: No TPM chip found, activating TPM-bypass! (rc=-19)
[    0.973140] ima: Allocated hash algorithm: sha1
[    0.975047] evm: HMAC attrs: 0x1
[    0.977215]   Magic number: 5:735:753
[    0.978775] tty ttyS4: hash matches
[    0.979998] rtc_cmos rtc_cmos: setting system clock to 2021-09-24 21:43:52 UTC (1632519832)
[    0.983406] BIOS EDD facility v0.16 2004-Jun-25, 0 devices found
[    0.985717] EDD information not available.
[    1.078745] Freeing unused kernel image memory: 2448K
[    1.092782] Write protecting the kernel read-only data: 20480k
[    1.096725] Freeing unused kernel image memory: 2008K
[    1.098835] Freeing unused kernel image memory: 1824K
[    1.106739] x86/mm: Checked W+X mappings: passed, no W+X pages found.
[    1.109395] x86/mm: Checking user space page tables
[    1.118192] x86/mm: Checked W+X mappings: passed, no W+X pages found.
Loading, please wait...
starting version 237
[    1.191286] Fusion MPT base driver 3.04.20
[    1.192550] Copyright (c) 1999-2008 LSI Corporation
[    1.199083] e1000: Intel(R) PRO/1000 Network Driver - version 7.3.21-k8-NAPI
[    1.201313] e1000: Copyright (c) 1999-2006 Intel Corporation.
[    1.204415] Fusion MPT SPI Host driver 3.04.20
[    1.207237] mptbase: ioc0: Initiating bringup
[    1.239741] AVX2 version of gcm_enc/dec engaged.
[    1.241803] AES CTR mode by8 optimization enabled
[    1.648489] input: ImExPS/2 Generic Explorer Mouse as /devices/platform/i8042/serio1/input/input4
[    1.661270] ioc0: LSI53C1030 A0: Capabilities={Initiator}
[    1.908635] scsi host2: ioc0: LSI53C1030 A0, FwRev=00000000h, Ports=1, MaxQ=256, IRQ=20
[    2.078018] scsi 2:0:0:0: Direct-Access     VBOX     HARDDISK         1.0  PQ: 0 ANSI: 5
[    2.116134] scsi target2:0:0: Beginning Domain Validation
[    2.120508] scsi target2:0:0: Domain Validation skipping write tests
[    2.123735] scsi target2:0:0: Ending Domain Validation
[    2.127395] scsi target2:0:0: asynchronous
[    2.131299] scsi 2:0:1:0: Direct-Access     VBOX     HARDDISK         1.0  PQ: 0 ANSI: 5
[    2.384128] scsi target2:0:1: Beginning Domain Validation
[    2.387604] random: fast init done
[    2.389412] scsi target2:0:1: Domain Validation skipping write tests
[    2.391579] scsi target2:0:1: Ending Domain Validation
[    2.393195] scsi target2:0:1: asynchronous
[    2.402341] random: systemd-udevd: uninitialized urandom read (16 bytes read)
[    2.404502] random: systemd-udevd: uninitialized urandom read (16 bytes read)
[    2.406514] random: systemd-udevd: uninitialized urandom read (16 bytes read)
[    2.409221] sd 2:0:0:0: Attached scsi generic sg0 type 0
[    2.411824] sd 2:0:0:0: [sda] 83886080 512-byte logical blocks: (42.9 GB/40.0 GiB)
[    2.415640] sd 2:0:0:0: [sda] Write Protect is off
[    2.417612] sd 2:0:1:0: Attached scsi generic sg1 type 0
[    2.419643] sd 2:0:0:0: [sda] Incomplete mode parameter data
[    2.422303] sd 2:0:0:0: [sda] Assuming drive cache: write through
[    2.424311] sd 2:0:1:0: [sdb] 20480 512-byte logical blocks: (10.5 MB/10.0 MiB)
[    2.432176] sd 2:0:1:0: [sdb] Write Protect is off
[    2.434250] sd 2:0:1:0: [sdb] Incomplete mode parameter data
[    2.436192] sd 2:0:1:0: [sdb] Assuming drive cache: write through
[    2.439427]  sda: sda1
[    2.442734] sd 2:0:0:0: [sda] Attached SCSI disk
[    2.446052] sd 2:0:1:0: [sdb] Attached SCSI disk
[    2.573843] e1000 0000:00:03.0 eth0: (PCI:33MHz:32-bit) 02:2d:44:18:82:0e
[    2.576196] e1000 0000:00:03.0 eth0: Intel(R) PRO/1000 Network Connection
[    3.264644] e1000 0000:00:08.0 eth1: (PCI:33MHz:32-bit) 08:00:27:88:15:53
[    3.267955] e1000 0000:00:08.0 eth1: Intel(R) PRO/1000 Network Connection
[    3.274288] e1000 0000:00:08.0 enp0s8: renamed from eth1
[    3.301858] e1000 0000:00:03.0 enp0s3: renamed from eth0
Begin: Loading essential drivers ... [    5.080171] raid6: sse2x1   gen()  8719 MB/s
[    5.128146] raid6: sse2x1   xor()  6288 MB/s
[    5.176133] raid6: sse2x2   gen() 10782 MB/s
[    5.224113] raid6: sse2x2   xor()  6861 MB/s
[    5.272123] raid6: sse2x4   gen() 11960 MB/s
[    5.320147] raid6: sse2x4   xor()  8130 MB/s
[    5.368031] raid6: avx2x1   gen() 16714 MB/s
[    5.416090] raid6: avx2x1   xor() 11526 MB/s
[    5.464134] raid6: avx2x2   gen() 20510 MB/s
[    5.512108] raid6: avx2x2   xor() 11277 MB/s
[    5.560269] raid6: avx2x4   gen() 13319 MB/s
[    5.608249] raid6: avx2x4   xor()  6234 MB/s
[    5.611394] raid6: using algorithm avx2x2 gen() 20510 MB/s
[    5.615071] raid6: .... xor() 11277 MB/s, rmw enabled
[    5.617085] raid6: using avx2x2 recovery algorithm
[    5.620034] xor: automatically using best checksumming function   avx       
[    5.623515] async_tx: api initialized (async)
done.
Begin: Running /scripts/init-premount ... done.
Begin: Mounting root file system ... Begin: Running /scripts/local-top ... done.
Begin: Running /scripts/local-premount ... [    5.681225] Btrfs loaded, crc32c=crc32c-intel
Scanning for Btrfs filesystems
done.
Warning: fsck not present, so skipping root file system
[    5.724762] EXT4-fs (sda1): mounted filesystem with ordered data mode. Opts: (null)
done.
Begin: Running /scripts/local-bottom ... done.
Begin: Running /scripts/init-bottom ... done.
[    5.914835] ip_tables: (C) 2000-2006 Netfilter Core Team
[    5.931441] systemd[1]: systemd 237 running in system mode. (+PAM +AUDIT +SELINUX +IMA +APPARMOR +SMACK +SYSVINIT +UTMP +LIBCRYPTSETUP +GCRYPT +GNUTLS +ACL +XZ +LZ4 +SECCOMP +BLKID +ELFUTILS +KMOD -IDN2 +IDN -PCRE2 default-hierarchy=hybrid)
[    5.937489] systemd[1]: Detected virtualization oracle.
[    5.938825] systemd[1]: Detected architecture x86-64.

Welcome to [1mUbuntu 18.04.6 LTS[0m!

[    5.946963] systemd[1]: Set hostname to <ubuntu>.
[    5.955431] systemd[1]: Initializing machine ID from random generator.
[    5.957483] systemd[1]: Installed transient /etc/machine-id file.
[    7.041602] systemd[1]: Created slice User and Session Slice.
[[0;32m  OK  [0m] Created slice User and Session Slice.
[    7.045746] systemd[1]: Reached target System Time Synchronized.
[[0;32m  OK  [0m] Reached target System Time Synchronized.
[    7.049215] systemd[1]: Started Forward Password Requests to Wall Directory Watch.
[[0;32m  OK  [0m] Started Forward Password Requests to Wall Directory Watch.
[    7.053034] systemd[1]: Reached target User and Group Name Lookups.
[[0;32m  OK  [0m] Reached target User and Group Name Lookups.
[[0;32m  OK  [0m] Reached target Swap.
[[0;32m  OK  [0m] Created slice System Slice.
[[0;32m  OK  [0m] Listening on udev Control Socket.
[[0;32m  OK  [0m] Reached target Slices.
[[0;32m  OK  [0m] Listening on Journal Socket (/dev/log).
[[0;32m  OK  [0m] Listening on Device-mapper event daemon FIFOs.
[[0;32m  OK  [0m] Listening on Network Service Netlink Socket.
[[0;32m  OK  [0m] Listening on fsck to fsckd communication Socket.
[[0;32m  OK  [0m] Listening on /dev/initctl Compatibility Named Pipe.
[[0;32m  OK  [0m] Listening on Journal Socket.
         Starting Create list of required st…ce nodes for the current kernel...
         Mounting Kernel Debug File System...
         Starting Uncomplicated firewall...
         Mounting POSIX Message Queue File System...
         Starting File System Check on Root Device...
         Mounting Huge Pages File System...
[[0;32m  OK  [0m] Listening on LVM2 metadata daemon socket.
         Starting Monitoring of LVM2 mirrors…ng dmeventd or progress polling...
[[0;32m  OK  [0m] Listening on Syslog Socket.
[[0;32m  OK  [0m] Created slice system-serial\x2dgetty.slice.
         Starting Set the console keyboard layout...
[[0;32m  OK  [0m] Listening on LVM2 poll daemon socket.
         Starting Load Kernel Modules...
[[0;32m  OK  [0m] Listening on udev Kernel Socket.
         Starting udev Coldplug all Devices...
[[0;32m  OK  [0m] Listening on Journal Audit Socket.
         Starting Journal Service...
[[0;32m  OK  [0m] Set up automount Arbitrary Executab…rmats File System Automount Point.
[    7.181036] Loading iSCSI transport class v2.0-870.
[    7.189777] iscsi: registered transport (tcp)
[[0;32m  OK  [0m] Started Create list of required sta…vice nodes for the current kernel.
[[0;32m  OK  [0m] Mounted Kernel Debug File System.
[[0;32m  OK  [0m] Started Uncomplicated firewall.
[[0;32m  OK  [0m] Mounted POSIX Message Queue File System.
[[0;32m  OK  [0m] Started File System Check on Root Device.
[[0;32m  OK  [0m] Mounted Huge Pages File System.
[[0;32m  OK  [0m] Started File System Check Daemon to report status.
[[0;32m  OK  [0m] Started LVM2 metadata daemon.
         Starting Remount Root and Kernel File Systems...
         Starting Create Static Device Nodes in /dev...
[[0;32m  OK  [0m] Started Journal Service.
[[0;32m  OK  [0m] Started udev Coldplug all Devices.
[[0;32m  OK  [0m] Started Create Static Device Nodes in /dev.
[    7.321746] iscsi: registered transport (iser)
[[0;32m  OK  [0m] Started Load Kernel Modules.
         Mounting Kernel Configuration File System...
         Starting Apply Kernel Variables...
         Mounting FUSE Control File System...
[[0;32m  OK  [0m] Mounted Kernel Configuration File System.
[[0;32m  OK  [0m] Mounted FUSE Control File System.
[    7.351247] EXT4-fs (sda1): re-mounted. Opts: (null)
[[0;32m  OK  [0m] Started Remount Root and Kernel File Systems.
         Starting Load/Save Random Seed...
         Starting Flush Journal to Persistent Storage...
         Starting udev Kernel Device Manager...
[[0;32m  OK  [0m] Started Monitoring of LVM2 mirrors,…sing dmeventd or progress polling.
[[0;32m  OK  [0m] Started Load/Save Random Seed.
[[0;32m  OK  [0m] Started Set the console keyboard layout.
[[0;32m  OK  [0m] Reached target Local File Systems (Pre).
[[0;32m  OK  [0m] Reached target Local File Systems.
         Starting AppArmor initialization...
         Starting Commit a transient machine-id on disk...
         Starting Set console font and keymap...
         Starting Tell Plymouth To Write Out Runtime Data...
         Starting ebtables ruleset management...
[[0;32m  OK  [0m] Started udev Kernel Device Manager.
[[0;32m  OK  [0m] Started Apply Kernel Variables.
[[0;32m  OK  [0m] Started Dispatch Password Requests to Console Directory Watch.
[[0;32m  OK  [0m] Reached target Local Encrypted Volumes.
[[0;32m  OK  [0m] Started Set console font and keymap.
[[0;32m  OK  [0m] Started Flush Journal to Persistent Storage.
         Starting Create Volatile Files and Directories...
[[0;32m  OK  [0m] Started Tell Plymouth To Write Out Runtime Data.
[[0;32m  OK  [0m] Started Create Volatile Files and Directories.
         Starting Update UTMP about System Boot/Shutdown...
[[0;32m  OK  [0m] Started Commit a transient machine-id on disk.
[[0;32m  OK  [0m] Started Update UTMP about System Boot/Shutdown.
[[0;32m  OK  [0m] Started ebtables ruleset management.
[[0;32m  OK  [0m] Found device /dev/ttyS0.
[[0;32m  OK  [0m] Listening on Load/Save RF Kill Switch Status /dev/rfkill Watch.
[[0;32m  OK  [0m] Started AppArmor initialization.
         Starting Initial cloud-init job (pre-networking)...
         Starting Load AppArmor profiles managed internally by snapd...
[[0;32m  OK  [0m] Started Load AppArmor profiles managed internally by snapd.
[   10.108433] cloud-init[578]: Cloud-init v. 21.2-3-g899bfaa9-0ubuntu2~18.04.1 running 'init-local' at Fri, 24 Sep 2021 21:44:01 +0000. Up 9.71 seconds.
[[0;32m  OK  [0m] Started Initial cloud-init job (pre-networking).
[[0;32m  OK  [0m] Reached target Network (Pre).
         Starting Network Service...
[[0;32m  OK  [0m] Started Network Service.
         Starting Network Name Resolution...
         Starting Wait for Network to be Configured...
[[0;32m  OK  [0m] Started Network Name Resolution.
[[0;32m  OK  [0m] Reached target Network.
[[0;32m  OK  [0m] Reached target Host and Network Name Lookups.
[[0;32m  OK  [0m] Started Wait for Network to be Configured.
         Starting Initial cloud-init job (metadata service crawler)...
[   13.086881] cloud-init[708]: Cloud-init v. 21.2-3-g899bfaa9-0ubuntu2~18.04.1 running 'init' at Fri, 24 Sep 2021 21:44:04 +0000. Up 12.66 seconds.
[   13.092276] cloud-init[708]: ci-info: ++++++++++++++++++++++++++++++++++++++Net device info+++++++++++++++++++++++++++++++++++++++
[   13.096712] cloud-init[708]: ci-info: +--------+-------+----------------------------+---------------+--------+-------------------+
[   13.100536] cloud-init[708]: ci-info: | Device |   Up  |          Address           |      Mask     | Scope  |     Hw-Address    |
[   13.105363] cloud-init[708]: ci-info: +--------+-------+----------------------------+---------------+--------+-------------------+
[   13.109605] cloud-init[708]: ci-info: | enp0s3 |  True |         10.0.2.15          | 255.255.255.0 | global | 02:2d:44:18:82:0e |
[   13.114003] cloud-init[708]: ci-info: | enp0s3 |  True | fe80::2d:44ff:fe18:820e/64 |       .       |  link  | 02:2d:44:18:82:0e |
[   13.128434] cloud-init[708]: ci-info: | enp0s8 | False |             .              |       .       |   .    | 08:00:27:88:15:53 |
[   13.133024] cloud-init[708]: ci-info: |   lo   |  True |         127.0.0.1          |   255.0.0.0   |  host  |         .         |
[   13.136933] cloud-init[708]: ci-info: |   lo   |  True |          ::1/128           |       .       |  host  |         .         |
[   13.141410] cloud-init[708]: ci-info: +--------+-------+----------------------------+---------------+--------+-------------------+
[   13.146384] cloud-init[708]: ci-info: ++++++++++++++++++++++++++++Route IPv4 info+++++++++++++++++++++++++++++
[   13.150041] cloud-init[708]: ci-info: +-------+-------------+----------+-----------------+-----------+-------+
[   13.154084] cloud-init[708]: ci-info: | Route | Destination | Gateway  |     Genmask     | Interface | Flags |
[   13.157887] cloud-init[708]: ci-info: +-------+-------------+----------+-----------------+-----------+-------+
[   13.162060] cloud-init[708]: ci-info: |   0   |   0.0.0.0   | 10.0.2.2 |     0.0.0.0     |   enp0s3  |   UG  |
[   13.166754] cloud-init[708]: ci-info: |   1   |   10.0.2.0  | 0.0.0.0  |  255.255.255.0  |   enp0s3  |   U   |
[   13.171876] cloud-init[708]: ci-info: |   2   |   10.0.2.2  | 0.0.0.0  | 255.255.255.255 |   enp0s3  |   UH  |
[   13.179531] cloud-init[708]: ci-info: +-------+-------------+----------+-----------------+-----------+-------+
[   13.184351] cloud-init[708]: ci-info: +++++++++++++++++++Route IPv6 info+++++++++++++++++++
[   13.187006] cloud-init[708]: ci-info: +-------+-------------+---------+-----------+-------+
[   13.189676] cloud-init[708]: ci-info: | Route | Destination | Gateway | Interface | Flags |
[   13.192405] cloud-init[708]: ci-info: +-------+-------------+---------+-----------+-------+
[   13.194983] cloud-init[708]: ci-info: |   1   |  fe80::/64  |    ::   |   enp0s3  |   U   |
[   13.197401] cloud-init[708]: ci-info: |   3   |    local    |    ::   |   enp0s3  |   U   |
[   13.216333] cloud-init[708]: ci-info: |   4   |   ff00::/8  |    ::   |   enp0s3  |   U   |
[   13.219090] cloud-init[708]: ci-info: +-------+-------------+---------+-----------+-------+
[   14.534508] cloud-init[708]: Generating public/private rsa key pair.
[   14.540829] cloud-init[708]: Your identification has been saved in /etc/ssh/ssh_host_rsa_key.
[   14.544945] cloud-init[708]: Your public key has been saved in /etc/ssh/ssh_host_rsa_key.pub.
[   14.560681] cloud-init[708]: The key fingerprint is:
[   14.563706] cloud-init[708]: SHA256:XTjPBRi23ZFoPdsGnRyhyS2XRHOkk7LRxqysBrqGq9s root@ubuntu-bionic
[   14.567804] cloud-init[708]: The key's randomart image is:
[   14.570846] cloud-init[708]: +---[RSA 2048]----+
[   14.573124] cloud-init[708]: |          oo.o+X*|
[   14.577230] cloud-init[708]: |         ..++*X*=|
[   14.579120] cloud-init[708]: |          +.==@O |
[   14.580833] cloud-init[708]: |         . * B+.o|
[   14.583377] cloud-init[708]: |        S . *  . |
[   14.585999] cloud-init[708]: |       . . .     |
[   14.587718] cloud-init[708]: |     ..   o      |
[   14.600751] cloud-init[708]: |   .. .. .       |
[   14.605367] cloud-init[708]: |  ooEo.          |
[   14.610370] cloud-init[708]: +----[SHA256]-----+
[   14.614884] cloud-init[708]: Generating public/private dsa key pair.
[   14.621132] cloud-init[708]: Your identification has been saved in /etc/ssh/ssh_host_dsa_key.
[   14.628273] cloud-init[708]: Your public key has been saved in /etc/ssh/ssh_host_dsa_key.pub.
[   14.635481] cloud-init[708]: The key fingerprint is:
[   14.637281] cloud-init[708]: SHA256:6LqgsjcIgYqhzu4aZjP9V0AEih/+/0XM19gRCQ/0i/Q root@ubuntu-bionic
[   14.641275] cloud-init[708]: The key's randomart image is:
[   14.647603] cloud-init[708]: +---[DSA 1024]----+
[   14.651949] cloud-init[708]: |     .o.    .+...|
[   14.657101] cloud-init[708]: |  . .  .      +..|
[   14.662040] cloud-init[708]: |.. o  .      . + |
[   14.668509] cloud-init[708]: |+ o .  o  o . * o|
[   14.673187] cloud-init[708]: |+o o  . S  + + E |
[   14.684453] cloud-init[708]: |= . ..   .. .    |
[   14.685953] cloud-init[708]: |=*.. .. .  .     |
[   14.696407] cloud-init[708]: |===.....  .      |
[   14.712571] cloud-init[708]: |O= .oo....       |
[   14.714275] cloud-init[708]: +----[SHA256]-----+
[[0;32m  OK  [0m] Started Initial cloud-init job (metadata service crawler).
[[0;32m  OK  [0m] Reached target Cloud-config availability.
[[0;32m  OK  [0m] Reached target System Initialization.
[   14.740775] cloud-init[708]: Generating public/private ecdsa key pair.
[   14.748238] cloud-init[708]: Your identification has been saved in /etc/ssh/ssh_host_ecdsa_key.
[   14.751384] cloud-init[708]: Your public key has been saved in /etc/ssh/ssh_host_ecdsa_key.pub.
[   14.754585] cloud-init[708]: The key fingerprint is:
[   14.775209] cloud-init[708]: SHA256:o2uWAQD0qNCDXenioeyQnChXZZL5mo5jAlNoV2EL2f4 root@ubuntu-bionic
[   14.780236] cloud-init[708]: The key's randomart image is:
[   14.780388] cloud-init[708]: +---[ECDSA 256]---+
[   14.782093] cloud-init[708]: |oo .+*.          |
         Starting Socket activation for snappy daemon.
[   14.782436] cloud-init[708]: | ++oBo+          |
[[   14.796341] cloud-init[708]: |oo++o*           |
[0;32m  OK  [0m] Listening on ACPID Listen Socket.
[   14.796574] cloud-init[708]: |+.+o+..          |
[   14.813103] cloud-init[708]: |*=o+ +. S        |
[[0;32m  OK  [0m] [   14.819183] cloud-init[708]: |O+o o .E .       |
[   14.820556] cloud-init[708]: |=o o  .o         |
Listening on D-Bus System Message Bus Socket.[   14.822353] 
cloud-init[708]: |..+ . +.         |
[   14.826924] cloud-init[708]: | o . o.          |
[[   14.828902] cloud-init[708]: +----[SHA256]-----+
[   14.829260] cloud-init[708]: Generating public/private ed25519 key pair.
[   14.829569] cloud-init[708]: Your identification has been saved in /etc/ssh/ssh_host_ed25519_key.
[0;32m  OK  [0m] Listening on UUID daemon activation socket.
[   14.831498] cloud-init[708]: Your public key has been saved in /etc/ssh/ssh_host_ed25519_key.pub.
[[0;32m  OK  [0m] Started Discard unused blocks once a week.
[   14.853215] cloud-init[708]: The key fingerprint is:
[[   14.864872] cloud-init[708]: SHA256:AgfxjhI7fg3qwfla+uJsNrMD3tW6B5oxLWnFvXyZGDg root@ubuntu-bionic
[0;32m  OK  [0m] Started Daily apt download activities.
[   14.865069] cloud-init[708]: The key's randomart image is:
[[0;32m  OK  [0m] Started Daily apt upgrade and clean activities.
[   14.868250] cloud-init[708]: +--[ED25519 256]--+
[   14.871652] cloud-init[708]: |    o.           |
[[0;32m  OK  [0m] Started ACPI Events Check.
[   14.884631] cloud-init[708]: |     o           |
[   14.886796] cloud-init[708]: |  . o =          |
[[0;32m  OK  [0m[   14.886934] ] cloud-initStarted Ubuntu Advantage update messaging.[708]: 
|   o E o         |
         [   14.900500] Starting LXD - unix socket.cloud-init
[708]: |  + * * S o      |
[[   14.902820] cloud-init[708]: |.o @ * * +       |
[   14.902996] cloud-init[708]: |..O X + .        |
[0;32m  OK  [0m] Started Daily Cleanup of Temporary Directories.
[[   14.903775] cloud-init[708]: | +BX . .         |
[   14.908566] cloud-init[708]: | +BOo.o          |
[0;32m  OK  [0m] [   14.910386] Reached target Paths.cloud-init
[708]: +----[SHA256]-----+
[[0;32m  OK  [0m] Started Message of the Day.
[[0;32m  OK  [0m] Reached target Timers.
[[0;32m  OK  [0m] Listening on Open-iSCSI iscsid Socket.
[[0;32m  OK  [0m] Reached target Network is Online.
[[0;32m  OK  [0m] Reached target Remote File Systems (Pre).
[[0;32m  OK  [0m] Reached target Remote File Systems.
         Starting Availability of block devices...
[[0;32m  OK  [0m] Listening on Socket activation for snappy daemon.
[[0;32m  OK  [0m] Listening on LXD - unix socket.
[[0;32m  OK  [0m] Started Availability of block devices.
[[0;32m  OK  [0m] Reached target Sockets.
[[0;32m  OK  [0m] Reached target Basic System.
[[0;32m  OK  [0m] Started Regular background program processing daemon.
         Starting LSB: Record successful boot for GRUB...
         Starting Login Service...
         Starting Dispatcher daemon for systemd-networkd...
         Starting System Logging Service...
[[0;32m  OK  [0m] Started Deferred execution scheduler.
[[0;32m  OK  [0m] Started D-Bus System Message Bus.
         Starting Virtualbox guest utils...
         Starting LSB: automatic crash report generation...
[[0;32m  OK  [0m] Started irqbalance daemon.
         Starting Snap Daemon...
[[0;32m  OK  [0m] Started FUSE filesystem for LXC.
         Starting Permit User Sessions...
         Starting Accounts Service...
         Starting LXD - container startup/shutdown...
         Starting Pollinate to seed the pseudo random number generator...
[[0;32m  OK  [0m] Started System Logging Service.
[[0;32m  OK  [0m] Started Permit User Sessions.
[[0;32m  OK  [0m] Started Login Service.
[[0;32m  OK  [0m] Started Unattended Upgrades Shutdown.
         Starting Hold until boot process finishes up...
         Starting Terminate Plymouth Boot Screen...
[[0;32m  OK  [0m] Started Hold until boot process finishes up.
[[0;32m  OK  [0m] Started Serial Getty on ttyS0.
         Starting Set console scheme...
[[0;32m  OK  [0m] Started Terminate Plymouth Boot Screen.
[[0;32m  OK  [0m] Started Set console scheme.
[[0;32m  OK  [0m] Created slice system-getty.slice.
[[0;32m  OK  [0m] Started Getty on tty1.
[[0;32m  OK  [0m] Reached target Login Prompts.
[[0;32m  OK  [0m] Started LSB: automatic crash report generation.
         Starting Authorization Manager...
[[0;32m  OK  [0m] Started LSB: Record successful boot for GRUB.
[[0;32m  OK  [0m] Started LXD - container startup/shutdown.
[[0;32m  OK  [0m] Started Authorization Manager.
[[0;32m  OK  [0m] Started Accounts Service.
[[0;32m  OK  [0m] Started Virtualbox guest utils.
[[0;32m  OK  [0m] Started Dispatcher daemon for systemd-networkd.
[[0;32m  OK  [0m] Started Snap Daemon.
         Starting Wait until snapd is fully seeded...
[[0;32m  OK  [0m] Started Wait until snapd is fully seeded.
         Starting Apply the settings specified in cloud-config...
[[0;32m  OK  [0m] Started Pollinate to seed the pseudo random number generator.
         Starting OpenBSD Secure Shell server...
[[0;32m  OK  [0m] Started OpenBSD Secure Shell server.
[[0;32m  OK  [0m] Reached target Multi-User System.
[[0;32m  OK  [0m] Reached target Graphical Interface.
         Starting Update UTMP about System Runlevel Changes...
[[0;32m  OK  [0m] Started Update UTMP about System Runlevel Changes.
[[0;32m  OK  [0m] Created slice User Slice of vagrant.
         Starting User Manager for UID 1000...
[[0;32m  OK  [0m] Started Session 1 of user vagrant.
[[0;32m  OK  [0m] Started User Manager for UID 1000.
[   19.033601] cloud-init[1073]: Cloud-init v. 21.2-3-g899bfaa9-0ubuntu2~18.04.1 running 'modules:config' at Fri, 24 Sep 2021 21:44:09 +0000. Up 18.20 seconds.
[[0;32m  OK  [0m] Started Apply the settings specified in cloud-config.
         Starting Execute cloud user/final scripts...
ci-info: no authorized SSH keys fingerprints found for user ubuntu.
<14>Sep 24 21:44:11 cloud-init: #############################################################
<14>Sep 24 21:44:11 cloud-init: -----BEGIN SSH HOST KEY FINGERPRINTS-----
<14>Sep 24 21:44:11 cloud-init: 1024 SHA256:6LqgsjcIgYqhzu4aZjP9V0AEih/+/0XM19gRCQ/0i/Q root@ubuntu-bionic (DSA)
<14>Sep 24 21:44:11 cloud-init: 256 SHA256:o2uWAQD0qNCDXenioeyQnChXZZL5mo5jAlNoV2EL2f4 root@ubuntu-bionic (ECDSA)
<14>Sep 24 21:44:11 cloud-init: 256 SHA256:AgfxjhI7fg3qwfla+uJsNrMD3tW6B5oxLWnFvXyZGDg root@ubuntu-bionic (ED25519)
<14>Sep 24 21:44:11 cloud-init: 2048 SHA256:XTjPBRi23ZFoPdsGnRyhyS2XRHOkk7LRxqysBrqGq9s root@ubuntu-bionic (RSA)
<14>Sep 24 21:44:11 cloud-init: -----END SSH HOST KEY FINGERPRINTS-----
<14>Sep 24 21:44:11 cloud-init: #############################################################
-----BEGIN SSH HOST KEY KEYS-----
ecdsa-sha2-nistp256 AAAAE2VjZHNhLXNoYTItbmlzdHAyNTYAAAAIbmlzdHAyNTYAAABBBDo04iF7FVPqFh4eSI8T9P23qT4fhBe8fNz+vg5NQrdiDm5EK5QQXhcNlQ/aF1NHc8zD36nCkyFmrFdtH/qjNOw= root@ubuntu-bionic
ssh-ed25519 AAAAC3NzaC1lZDI1NTE5AAAAILEoObQWIy4mOYOWr0Ib8k/lSdqQXOUtOAY500XndDUw root@ubuntu-bionic
ssh-rsa AAAAB3NzaC1yc2EAAAADAQABAAABAQDMIQw6doGJt04cjSadMhP1u9lSK6RgL2pMSzgP/vjLhbYhy7a94j1JZkz7cMrlP9ANy+T9YiThyIQjCycIy9nyXaC9ihspV84ENbjy3DBeedF0mBZRxg606gr/Cw2VBiWHYK4HsoPXrUBv4stPtcriACUKUHaUr2s6VwTkMJoPOaB8Y+tFAONSbd467lhmVFgdFP/OqgSlqA8JTlq9g1DUhEh/vip6rzfJedqJ8RF4bkh0u9E0dydC+pXu2eT+kEPAIZEEh9rwFdLH4OaMLjJPwttOd2tESEyaLpnWTNizE/sDhYWZknsic6fRDwCPd1h3sSt1MMLtXUH8p9vD98+9 root@ubuntu-bionic
-----END SSH HOST KEY KEYS-----
[   20.138926] cloud-init[1206]: Cloud-init v. 21.2-3-g899bfaa9-0ubuntu2~18.04.1 running 'modules:final' at Fri, 24 Sep 2021 21:44:11 +0000. Up 19.68 seconds.
[   20.143138] cloud-init[1206]: ci-info: no authorized SSH keys fingerprints found for user ubuntu.
[   20.146750] cloud-init[1206]: Cloud-init v. 21.2-3-g899bfaa9-0ubuntu2~18.04.1 finished at Fri, 24 Sep 2021 21:44:11 +0000. Datasource DataSourceNoCloud [seed=/dev/sdb][dsmode=net].  Up 20.12 seconds
[[0;32m  OK  [0m] Started Execute cloud user/final scripts.
[[0;32m  OK  [0m] Reached target Cloud-init target.

Ubuntu 18.04.6 LTS ubuntu-bionic ttyS0

ubuntu-bionic login: 